INFO:root:Informational message
ERROR:root:An error has happened!
INFO:root:Given schemas are valid
INFO:root:Given schemas are valid
INFO:root:Given schemas are valid
INFO:root:Given schemas are valid
INFO:root:Given schemas are valid
ERROR:root:event/3ade063d-d1b9-453f-85b4-dda7bfda4711.json is invalid with sleep_created.schema. The error is:  'source' is a required property
ERROR:root:event/f5656ff6-29e1-46b0-8d8a-ff77f9cc0953.json is invalid with sleep_created.schema. The error is:  'source' is a required property
ERROR:root:event/fb1a0854-9535-404d-9bdd-9ec0abb6cd6c.json is invalid with sleep_created.schema. The error is:  'source' is a required property
ERROR:root:event/bb998113-bc02-4cd1-9410-d9ae94f53eb0.json is invalid with sleep_created.schema. The error is:  'source' is a required property
ERROR:root:event/a95d845c-8d9e-4e07-8948-275167643a40.json is invalid with sleep_created.schema. The error is:  'source' is a required property
ERROR:root:event/29f0bfa7-bd51-4d45-93be-f6ead1ae0b96.json is invalid with sleep_created.schema. The error is:  None is not of type 'object'
ERROR:root:event/2e8ffd3c-dbda-42df-9901-b7a30869511a.json is invalid with sleep_created.schema. The error is:  'source' is a required property
ERROR:root:event/6b1984e5-4092-4279-9dce-bdaa831c7932.json is invalid with sleep_created.schema. The error is:  'source' is a required property
ERROR:root:event/e2d760c3-7e10-4464-ab22-7fda6b5e2562.json is invalid with sleep_created.schema. The error is:  'source' is a required property
ERROR:root:event/c72d21cf-1152-4d8e-b649-e198149d5bbb.json is invalid with sleep_created.schema. The error is:  'source' is a required property
ERROR:root:event/cc07e442-7986-4714-8fc2-ac2256690a90.json is invalid with sleep_created.schema. The error is:  'source' is a required property
ERROR:root:event/ba25151c-914f-4f47-909a-7a65a6339f34.json is invalid with sleep_created.schema. The error is:  'source' is a required property
ERROR:root:event/297e4dc6-07d1-420d-a5ae-e4aff3aedc19.json is invalid with sleep_created.schema. The error is:  'source' is a required property
ERROR:root:event/ffe6b214-d543-40a8-8da3-deb0dc5bbd8c.json is invalid with sleep_created.schema. The error is:  'source' is a required property
ERROR:root:event/1eba2aa1-2acf-460d-91e6-55a8c3e3b7a3.json is invalid with sleep_created.schema. The error is:  'source' is a required property
ERROR:root:event/3b4088ef-7521-4114-ac56-57c68632d431.json is invalid with sleep_created.schema. The error is:  'source' is a required property
INFO:root:Given schemas are valid
ERROR:root:event/3ade063d-d1b9-453f-85b4-dda7bfda4711.json is invalid with cmarker_created.schema. The error is:  'cmarkers' is a required property
ERROR:root:event/3ade063d-d1b9-453f-85b4-dda7bfda4711.json is invalid with label_selected.schema. The error is:  'labels' is a required property
ERROR:root:event/3ade063d-d1b9-453f-85b4-dda7bfda4711.json is invalid with sleep_created.schema. The error is:  'source' is a required property
ERROR:root:event/3ade063d-d1b9-453f-85b4-dda7bfda4711.json is invalid with workout_created.schema. The error is:  'activity_name' is a required property
ERROR:root:event/f5656ff6-29e1-46b0-8d8a-ff77f9cc0953.json is invalid with cmarker_created.schema. The error is:  'cmarkers' is a required property
ERROR:root:event/f5656ff6-29e1-46b0-8d8a-ff77f9cc0953.json is invalid with label_selected.schema. The error is:  'labels' is a required property
ERROR:root:event/f5656ff6-29e1-46b0-8d8a-ff77f9cc0953.json is invalid with sleep_created.schema. The error is:  'source' is a required property
ERROR:root:event/f5656ff6-29e1-46b0-8d8a-ff77f9cc0953.json is invalid with workout_created.schema. The error is:  'activity_name' is a required property
ERROR:root:event/fb1a0854-9535-404d-9bdd-9ec0abb6cd6c.json is invalid with cmarker_created.schema. The error is:  'cmarkers' is a required property
ERROR:root:event/fb1a0854-9535-404d-9bdd-9ec0abb6cd6c.json is invalid with label_selected.schema. The error is:  'labels' is a required property
ERROR:root:event/fb1a0854-9535-404d-9bdd-9ec0abb6cd6c.json is invalid with sleep_created.schema. The error is:  'source' is a required property
ERROR:root:event/fb1a0854-9535-404d-9bdd-9ec0abb6cd6c.json is invalid with workout_created.schema. The error is:  'activity_name' is a required property
ERROR:root:event/bb998113-bc02-4cd1-9410-d9ae94f53eb0.json is invalid with cmarker_created.schema. The error is:  'cmarkers' is a required property
ERROR:root:event/bb998113-bc02-4cd1-9410-d9ae94f53eb0.json is invalid with label_selected.schema. The error is:  'labels' is a required property
ERROR:root:event/bb998113-bc02-4cd1-9410-d9ae94f53eb0.json is invalid with sleep_created.schema. The error is:  'source' is a required property
ERROR:root:event/bb998113-bc02-4cd1-9410-d9ae94f53eb0.json is invalid with workout_created.schema. The error is:  'activity_name' is a required property
ERROR:root:event/a95d845c-8d9e-4e07-8948-275167643a40.json is invalid with cmarker_created.schema. The error is:  'cmarkers' is a required property
ERROR:root:event/a95d845c-8d9e-4e07-8948-275167643a40.json is invalid with label_selected.schema. The error is:  'id' is a required property
ERROR:root:event/a95d845c-8d9e-4e07-8948-275167643a40.json is invalid with sleep_created.schema. The error is:  'source' is a required property
ERROR:root:event/a95d845c-8d9e-4e07-8948-275167643a40.json is invalid with workout_created.schema. The error is:  'activity_name' is a required property
ERROR:root:event/29f0bfa7-bd51-4d45-93be-f6ead1ae0b96.json is invalid with cmarker_created.schema. The error is:  None is not of type 'object'
ERROR:root:event/29f0bfa7-bd51-4d45-93be-f6ead1ae0b96.json is invalid with label_selected.schema. The error is:  None is not of type 'object'
ERROR:root:event/29f0bfa7-bd51-4d45-93be-f6ead1ae0b96.json is invalid with sleep_created.schema. The error is:  None is not of type 'object'
ERROR:root:event/29f0bfa7-bd51-4d45-93be-f6ead1ae0b96.json is invalid with workout_created.schema. The error is:  None is not of type 'object'
ERROR:root:event/2e8ffd3c-dbda-42df-9901-b7a30869511a.json is invalid with cmarker_created.schema. The error is:  'cmarkers' is a required property
ERROR:root:event/2e8ffd3c-dbda-42df-9901-b7a30869511a.json is invalid with label_selected.schema. The error is:  'labels' is a required property
ERROR:root:event/2e8ffd3c-dbda-42df-9901-b7a30869511a.json is invalid with sleep_created.schema. The error is:  'source' is a required property
ERROR:root:event/2e8ffd3c-dbda-42df-9901-b7a30869511a.json is invalid with workout_created.schema. The error is:  'activity_name' is a required property
ERROR:root:event/6b1984e5-4092-4279-9dce-bdaa831c7932.json is invalid with cmarker_created.schema. The error is:  'cmarkers' is a required property
ERROR:root:event/6b1984e5-4092-4279-9dce-bdaa831c7932.json is invalid with label_selected.schema. The error is:  'labels' is a required property
ERROR:root:event/6b1984e5-4092-4279-9dce-bdaa831c7932.json is invalid with sleep_created.schema. The error is:  'source' is a required property
ERROR:root:event/6b1984e5-4092-4279-9dce-bdaa831c7932.json is invalid with workout_created.schema. The error is:  'activity_name' is a required property
ERROR:root:event/e2d760c3-7e10-4464-ab22-7fda6b5e2562.json is invalid with cmarker_created.schema. The error is:  'cmarkers' is a required property
ERROR:root:event/e2d760c3-7e10-4464-ab22-7fda6b5e2562.json is invalid with label_selected.schema. The error is:  'labels' is a required property
ERROR:root:event/e2d760c3-7e10-4464-ab22-7fda6b5e2562.json is invalid with sleep_created.schema. The error is:  'source' is a required property
ERROR:root:event/e2d760c3-7e10-4464-ab22-7fda6b5e2562.json is invalid with workout_created.schema. The error is:  'activity_name' is a required property
ERROR:root:event/c72d21cf-1152-4d8e-b649-e198149d5bbb.json is invalid with cmarker_created.schema. The error is:  'cmarkers' is a required property
ERROR:root:event/c72d21cf-1152-4d8e-b649-e198149d5bbb.json is invalid with label_selected.schema. The error is:  'labels' is a required property
ERROR:root:event/c72d21cf-1152-4d8e-b649-e198149d5bbb.json is invalid with sleep_created.schema. The error is:  'source' is a required property
ERROR:root:event/c72d21cf-1152-4d8e-b649-e198149d5bbb.json is invalid with workout_created.schema. The error is:  'activity_name' is a required property
ERROR:root:event/cc07e442-7986-4714-8fc2-ac2256690a90.json is invalid with cmarker_created.schema. The error is:  'cmarkers' is a required property
ERROR:root:event/cc07e442-7986-4714-8fc2-ac2256690a90.json is invalid with label_selected.schema. The error is:  'id' is a required property
ERROR:root:event/cc07e442-7986-4714-8fc2-ac2256690a90.json is invalid with sleep_created.schema. The error is:  'source' is a required property
ERROR:root:event/cc07e442-7986-4714-8fc2-ac2256690a90.json is invalid with workout_created.schema. The error is:  'activity_name' is a required property
ERROR:root:event/ba25151c-914f-4f47-909a-7a65a6339f34.json is invalid with cmarker_created.schema. The error is:  'cmarkers' is a required property
ERROR:root:event/ba25151c-914f-4f47-909a-7a65a6339f34.json is invalid with label_selected.schema. The error is:  'id' is a required property
ERROR:root:event/ba25151c-914f-4f47-909a-7a65a6339f34.json is invalid with sleep_created.schema. The error is:  'source' is a required property
ERROR:root:event/ba25151c-914f-4f47-909a-7a65a6339f34.json is invalid with workout_created.schema. The error is:  'activity_name' is a required property
ERROR:root:event/297e4dc6-07d1-420d-a5ae-e4aff3aedc19.json is invalid with cmarker_created.schema. The error is:  'cmarkers' is a required property
ERROR:root:event/297e4dc6-07d1-420d-a5ae-e4aff3aedc19.json is invalid with label_selected.schema. The error is:  'labels' is a required property
ERROR:root:event/297e4dc6-07d1-420d-a5ae-e4aff3aedc19.json is invalid with sleep_created.schema. The error is:  'source' is a required property
ERROR:root:event/297e4dc6-07d1-420d-a5ae-e4aff3aedc19.json is invalid with workout_created.schema. The error is:  'activity_name' is a required property
ERROR:root:event/ffe6b214-d543-40a8-8da3-deb0dc5bbd8c.json is invalid with cmarker_created.schema. The error is:  'cmarkers' is a required property
ERROR:root:event/ffe6b214-d543-40a8-8da3-deb0dc5bbd8c.json is invalid with label_selected.schema. The error is:  'labels' is a required property
ERROR:root:event/ffe6b214-d543-40a8-8da3-deb0dc5bbd8c.json is invalid with sleep_created.schema. The error is:  'source' is a required property
ERROR:root:event/ffe6b214-d543-40a8-8da3-deb0dc5bbd8c.json is invalid with workout_created.schema. The error is:  'activity_name' is a required property
ERROR:root:event/1eba2aa1-2acf-460d-91e6-55a8c3e3b7a3.json is invalid with cmarker_created.schema. The error is:  'cmarkers' is a required property
ERROR:root:event/1eba2aa1-2acf-460d-91e6-55a8c3e3b7a3.json is invalid with label_selected.schema. The error is:  'id' is a required property
ERROR:root:event/1eba2aa1-2acf-460d-91e6-55a8c3e3b7a3.json is invalid with sleep_created.schema. The error is:  'source' is a required property
ERROR:root:event/1eba2aa1-2acf-460d-91e6-55a8c3e3b7a3.json is invalid with workout_created.schema. The error is:  'activity_name' is a required property
ERROR:root:event/3b4088ef-7521-4114-ac56-57c68632d431.json is invalid with cmarker_created.schema. The error is:  'cmarkers' is a required property
ERROR:root:event/3b4088ef-7521-4114-ac56-57c68632d431.json is invalid with label_selected.schema. The error is:  'labels' is a required property
ERROR:root:event/3b4088ef-7521-4114-ac56-57c68632d431.json is invalid with sleep_created.schema. The error is:  'source' is a required property
ERROR:root:event/3b4088ef-7521-4114-ac56-57c68632d431.json is invalid with workout_created.schema. The error is:  'activity_name' is a required property
